<!DOCTYPE html PUBLIC "-//W3C//DTD XHTML 1.1//EN" "http://www.w3.org/TR/xhtml11/DTD/xhtml11.dtd">
<html xmlns="http://www.w3.org/1999/xhtml">
<head>
<title>TestNG Report</title>
<style type="text/css">
table {margin-bottom:10px;border-collapse:collapse;empty-cells:show}
td,th {border:1px solid #009;padding:.25em .5em}
.result th {vertical-align:bottom}
.param th {padding-left:1em;padding-right:1em}
.param td {padding-left:.5em;padding-right:2em}
.stripe td,.stripe th {background-color: #E6EBF9}
.numi,.numi_attn {text-align:right}
.total td {font-weight:bold}
.passedodd td {background-color: #0A0}
.passedeven td {background-color: #3F3}
.skippedodd td {background-color: #CCC}
.skippedodd td {background-color: #DDD}
.failedodd td,.numi_attn {background-color: #F33}
.failedeven td,.stripe .numi_attn {background-color: #D00}
.stacktrace {white-space:pre;font-family:monospace}
.totop {font-size:85%;text-align:center;border-bottom:2px solid #000}
</style>
</head>
<body>
<table cellspacing="0" cellpadding="0" class="testOverview">
<tr><th>Test</th><th>Methods<br/>Passed</th><th>Scenarios<br/>Passed</th><th># skipped</th><th># failed</th><th>Total<br/>Time</th><th>Included<br/>Groups</th><th>Excluded<br/>Groups</th></tr>
<tr><td style="text-align:left;padding-right:2em"><a href="#t1">TestGroups</a></td><td class="numi">4</td><td class="numi">4</td><td class="numi">0</td><td class="numi">0</td><td class="numi">162.7 seconds</td><td class="numi"></td><td class="numi"></td></tr>
</table>
<table cellspacing="0" cellpadding="0" class="methodOverview" id="summary">
<tr><th>Class</th><th>Method</th><th>Authors</th><th># of<br/>Scenarios</th><th>Running Counts</th><th>Parameters</th><th>Start</th><th>Time<br/>(ms)</th></tr>
<tr id="t1"><th colspan="5">TestGroups &#8212; skipped</th></tr>
<tr class="skippedodd"><td>Webq.Case.CaseWebq</td><td><a href="#m-1367088610"><b>TestWebq2</b>  </a></td><td>unknown</td><td class="numi">1</td><td>2</td><td></td><td>1491464387662</td><td class="numi">2050</td></tr>
<tr><th colspan="5">TestGroups &#8212; passed</th></tr>
<tr class="passedodd"><td rowspan="3">Webq.Case.CaseWebq</td><td><a href="#m-1367088611"><b>TestWebq1</b>  </a></td><td>unknown</td><td class="numi">1</td><td>1</td><td></td><td>1491464364118</td><td class="numi">23540</td></tr><tr class="passedodd"><td><a href="#m-1367088609"><b>TestWebq3</b>  </a></td><td>unknown</td><td class="numi">1</td><td>1</td><td></td><td>1491464396782</td><td class="numi">70230</td></tr><tr class="passedodd"><td><a href="#m-1367088608"><b>TestWebq4</b>  </a></td><td>unknown</td><td class="numi">1</td><td>1</td><td></td><td>1491464467014</td><td class="numi">59726</td></tr>
</table>
<h1>TestGroups</h1>
<h2 id="m-1367088610" name="m-1367088610" >Webq.Case.CaseWebq:TestWebq2</h2>
<div>
<h3>Test Messages</h3>
RunCount=2<br/>
<h3>Failure</h3>
<div class="stacktrace">org.openqa.selenium.TimeoutException: Timed out waiting for page load.
Command duration or timeout: 2.02 seconds
Build info: version: &apos;2.53.0&apos;, revision: &apos;35ae25b1534ae328c771e0856c93e187490ca824&apos;, time: &apos;2016-03-15 10:43:46&apos;
System info: host: &apos;localhost&apos;, ip: &apos;127.0.0.1&apos;, os.name: &apos;Mac OS X&apos;, os.arch: &apos;x86_64&apos;, os.version: &apos;10.11.6&apos;, java.version: &apos;1.8.0_66&apos;
Driver info: org.openqa.selenium.firefox.FirefoxDriver
Capabilities [{applicationCacheEnabled=true, rotatable=false, handlesAlerts=true, databaseEnabled=true, version=45.3.0, platform=MAC, nativeEvents=false, acceptSslCerts=true, webStorageEnabled=true, locationContextEnabled=true, browserName=firefox, takesScreenshot=true, javascriptEnabled=true, cssSelectorsEnabled=true}]
Session ID: dface092-ff09-6f48-a18d-26442d0f5f1c
	at sun.reflect.NativeConstructorAccessorImpl.newInstance0(Native Method)
	at sun.reflect.NativeConstructorAccessorImpl.newInstance(NativeConstructorAccessorImpl.java:62)
	at sun.reflect.DelegatingConstructorAccessorImpl.newInstance(DelegatingConstructorAccessorImpl.java:45)
	at java.lang.reflect.Constructor.newInstance(Constructor.java:422)
	at org.openqa.selenium.remote.ErrorHandler.createThrowable(ErrorHandler.java:206)
	at org.openqa.selenium.remote.ErrorHandler.throwIfResponseFailed(ErrorHandler.java:158)
	at org.openqa.selenium.remote.RemoteWebDriver.execute(RemoteWebDriver.java:678)
	at org.openqa.selenium.remote.RemoteWebDriver.get(RemoteWebDriver.java:316)
	at Webq.Page.PageAd.openProductAd(PageAd.java:73)
	at Webq.Page.PageAd.PlCartAd(PageAd.java:45)
	at Webq.Operator.OpExWebq.actionExProPages(OpExWebq.java:26)
	at Webq.Case.CaseWebq.TestWebq2(CaseWebq.java:72)
	at sun.reflect.NativeMethodAccessorImpl.invoke0(Native Method)
	at sun.reflect.NativeMethodAccessorImpl.invoke(NativeMethodAccessorImpl.java:62)
	at sun.reflect.DelegatingMethodAccessorImpl.invoke(DelegatingMethodAccessorImpl.java:43)
	at java.lang.reflect.Method.invoke(Method.java:497)
	at org.testng.internal.MethodInvocationHelper.invokeMethod(MethodInvocationHelper.java:86)
	at org.testng.internal.Invoker.invokeMethod(Invoker.java:643)
	at org.testng.internal.Invoker.invokeTestMethod(Invoker.java:820)
	at org.testng.internal.Invoker.invokeTestMethods(Invoker.java:1128)
	at org.testng.internal.TestMethodWorker.invokeTestMethods(TestMethodWorker.java:129)
	at org.testng.internal.TestMethodWorker.run(TestMethodWorker.java:112)
	at org.testng.TestRunner.privateRun(TestRunner.java:782)
	at org.testng.TestRunner.run(TestRunner.java:632)
	at org.testng.SuiteRunner.runTest(SuiteRunner.java:366)
	at org.testng.SuiteRunner.access$000(SuiteRunner.java:39)
	at org.testng.SuiteRunner$SuiteWorker.run(SuiteRunner.java:400)
	at org.testng.internal.thread.ThreadUtil$2.call(ThreadUtil.java:64)
	at java.util.concurrent.FutureTask.run(FutureTask.java:266)
	at java.util.concurrent.ThreadPoolExecutor.runWorker(ThreadPoolExecutor.java:1142)
	at java.util.concurrent.ThreadPoolExecutor$Worker.run(ThreadPoolExecutor.java:617)
	at java.lang.Thread.run(Thread.java:745)
Caused by: org.openqa.selenium.TimeoutException: Timed out waiting for page load.
Build info: version: &apos;2.53.0&apos;, revision: &apos;35ae25b1534ae328c771e0856c93e187490ca824&apos;, time: &apos;2016-03-15 10:43:46&apos;
System info: host: &apos;localhost&apos;, ip: &apos;127.0.0.1&apos;, os.name: &apos;Mac OS X&apos;, os.arch: &apos;x86_64&apos;, os.version: &apos;10.11.6&apos;, java.version: &apos;1.8.0_66&apos;
Driver info: driver.version: unknown
	at &lt;anonymous class&gt;.Utils.initWebLoadingListener/&lt;(file:///var/folders/xf/kdg8kbhj4fn2_0fpfvbl9v300000gp/T/anonymous6896514618119806349webdriver-profile/extensions/fxdriver@googlecode.com/components/driver-component.js:9071)
	at &lt;anonymous class&gt;.WebLoadingListener/e(file:///var/folders/xf/kdg8kbhj4fn2_0fpfvbl9v300000gp/T/anonymous6896514618119806349webdriver-profile/extensions/fxdriver@googlecode.com/components/driver-component.js:5142)
	at &lt;anonymous class&gt;.WebLoadingListener/&lt;(file:///var/folders/xf/kdg8kbhj4fn2_0fpfvbl9v300000gp/T/anonymous6896514618119806349webdriver-profile/extensions/fxdriver@googlecode.com/components/driver-component.js:5150)
	at &lt;anonymous class&gt;.fxdriver.Timer.prototype.setTimeout/&lt;.notify(file:///var/folders/xf/kdg8kbhj4fn2_0fpfvbl9v300000gp/T/anonymous6896514618119806349webdriver-profile/extensions/fxdriver@googlecode.com/components/driver-component.js:625)
</div>
</div>
<p class="totop"><a href="#summary">back to summary</a></p>
<h2 id="m-1367088610" name="m-1367088610" >Webq.Case.CaseWebq:TestWebq2</h2>
<p class="totop"><a href="#summary">back to summary</a></p>
<h2 id="m-1367088608" name="m-1367088608" >Webq.Case.CaseWebq:TestWebq4</h2>
<p class="totop"><a href="#summary">back to summary</a></p>
<h2 id="m-1367088611" name="m-1367088611" >Webq.Case.CaseWebq:TestWebq1</h2>
<p class="totop"><a href="#summary">back to summary</a></p>
<h2 id="m-1367088609" name="m-1367088609" >Webq.Case.CaseWebq:TestWebq3</h2>
<p class="totop"><a href="#summary">back to summary</a></p>
</body></html>
